Using pre-set license
Built from '2020.3/staging' branch; Version is '2020.3.29f1 (2ff179115da0) revision 3142009'; Using compiler version '192528614'; Build Type 'Release'
OS: 'Windows 11  (10.0.22000) 64bit Professional' Language: 'fr' Physical Memory: 16122 MB
BatchMode: 1, IsHumanControllingUs: 0, StartBugReporterOnCrash: 0, Is64bit: 1, IsPro: 0

COMMAND LINE ARGUMENTS:
C:\Program Files\Unity\Hub\Editor\2020.3.29f1\Editor\Unity.exe
-adb2
-batchMode
-noUpm
-name
AssetImportWorker0
-projectPath
C:/Users/hamon/Epita/Jeu/ProjetJeuVideo/ProjetJeu
-logFile
Logs/AssetImportWorker0.log
-srvPort
55065
Successfully changed project path to: C:/Users/hamon/Epita/Jeu/ProjetJeuVideo/ProjetJeu
C:/Users/hamon/Epita/Jeu/ProjetJeuVideo/ProjetJeu
Using Asset Import Pipeline V2.
Refreshing native plugins compatible for Editor in 71.84 ms, found 2 plugins.
Preloading 0 native plugins for Editor in 0.00 ms.
Initialize engine version: 2020.3.29f1 (2ff179115da0)
[Subsystems] Discovering subsystems at path C:/Program Files/Unity/Hub/Editor/2020.3.29f1/Editor/Data/Resources/UnitySubsystems
[Subsystems] Discovering subsystems at path C:/Users/hamon/Epita/Jeu/ProjetJeuVideo/ProjetJeu/Assets
GfxDevice: creating device client; threaded=0
Direct3D:
    Version:  Direct3D 11.0 [level 11.1]
    Renderer: NVIDIA GeForce RTX 3050 Laptop GPU (ID=0x25a2)
    Vendor:   
    VRAM:     3993 MB
    Driver:   31.0.15.1700
Initialize mono
Mono path[0] = 'C:/Program Files/Unity/Hub/Editor/2020.3.29f1/Editor/Data/Managed'
Mono path[1] = 'C:/Program Files/Unity/Hub/Editor/2020.3.29f1/Editor/Data/MonoBleedingEdge/lib/mono/unityjit'
Mono config path = 'C:/Program Files/Unity/Hub/Editor/2020.3.29f1/Editor/Data/MonoBleedingEdge/etc'
Using monoOptions --debugger-agent=transport=dt_socket,embedding=1,server=y,suspend=n,address=127.0.0.1:56560
Begin MonoManager ReloadAssembly
Registering precompiled unity dll's ...
Register platform support module: C:/Program Files/Unity/Hub/Editor/2020.3.29f1/Editor/Data/PlaybackEngines/WebGLSupport/UnityEditor.WebGL.Extensions.dll
Register platform support module: C:/Program Files/Unity/Hub/Editor/2020.3.29f1/Editor/Data/PlaybackEngines/MacStandaloneSupport/UnityEditor.OSXStandalone.Extensions.dll
Register platform support module: C:/Program Files/Unity/Hub/Editor/2020.3.29f1/Editor/Data/PlaybackEngines/WindowsStandaloneSupport/UnityEditor.WindowsStandalone.Extensions.dll
Register platform support module: C:/Program Files/Unity/Hub/Editor/2020.3.29f1/Editor/Data/PlaybackEngines/LinuxStandaloneSupport/UnityEditor.LinuxStandalone.Extensions.dll
Register platform support module: C:/Program Files/Unity/Hub/Editor/2020.3.29f1/Editor/Data/PlaybackEngines/LuminSupport/UnityEditor.Lumin.Extensions.dll
Registered in 0.003320 seconds.
Native extension for Lumin target not found
Native extension for LinuxStandalone target not found
Native extension for WindowsStandalone target not found
Native extension for OSXStandalone target not found
Native extension for WebGL target not found
Refreshing native plugins compatible for Editor in 73.68 ms, found 2 plugins.
Preloading 0 native plugins for Editor in 0.00 ms.
Mono: successfully reloaded assembly
- Completed reload, in  0.792 seconds
Domain Reload Profiling:
	ReloadAssembly (792ms)
		BeginReloadAssembly (74ms)
			ExecutionOrderSort (0ms)
			DisableScriptedObjects (0ms)
			BackupInstance (0ms)
			ReleaseScriptingObjects (0ms)
			CreateAndSetChildDomain (1ms)
		EndReloadAssembly (624ms)
			LoadAssemblies (72ms)
			RebuildTransferFunctionScriptingTraits (0ms)
			SetupTypeCache (176ms)
			ReleaseScriptCaches (0ms)
			RebuildScriptCaches (56ms)
			SetupLoadedEditorAssemblies (247ms)
				LogAssemblyErrors (0ms)
				InitializePlatformSupportModulesInManaged (12ms)
				SetLoadedEditorAssemblies (0ms)
				RefreshPlugins (74ms)
				BeforeProcessingInitializeOnLoad (18ms)
				ProcessInitializeOnLoadAttributes (109ms)
				ProcessInitializeOnLoadMethodAttributes (34ms)
				AfterProcessingInitializeOnLoad (0ms)
				EditorAssembliesLoaded (0ms)
			ExecutionOrderSort2 (0ms)
			AwakeInstancesAfterBackupRestoration (0ms)
Platform modules already initialized, skipping
Registering precompiled user dll's ...
Registered in 0.008354 seconds.
Begin MonoManager ReloadAssembly
Native extension for Lumin target not found
Native extension for LinuxStandalone target not found
Native extension for WindowsStandalone target not found
Native extension for OSXStandalone target not found
Native extension for WebGL target not found
Refreshing native plugins compatible for Editor in 74.77 ms, found 2 plugins.
Preloading 0 native plugins for Editor in 0.00 ms.
Mono: successfully reloaded assembly
- Completed reload, in  1.473 seconds
Domain Reload Profiling:
	ReloadAssembly (1475ms)
		BeginReloadAssembly (194ms)
			ExecutionOrderSort (0ms)
			DisableScriptedObjects (6ms)
			BackupInstance (0ms)
			ReleaseScriptingObjects (0ms)
			CreateAndSetChildDomain (27ms)
		EndReloadAssembly (1201ms)
			LoadAssemblies (141ms)
			RebuildTransferFunctionScriptingTraits (0ms)
			SetupTypeCache (383ms)
			ReleaseScriptCaches (1ms)
			RebuildScriptCaches (82ms)
			SetupLoadedEditorAssemblies (481ms)
				LogAssemblyErrors (0ms)
				InitializePlatformSupportModulesInManaged (10ms)
				SetLoadedEditorAssemblies (0ms)
				RefreshPlugins (75ms)
				BeforeProcessingInitializeOnLoad (112ms)
				ProcessInitializeOnLoadAttributes (265ms)
				ProcessInitializeOnLoadMethodAttributes (10ms)
				AfterProcessingInitializeOnLoad (8ms)
				EditorAssembliesLoaded (1ms)
			ExecutionOrderSort2 (0ms)
			AwakeInstancesAfterBackupRestoration (8ms)
Platform modules already initialized, skipping
========================================================================
Worker process is ready to serve import requests
Launched and connected shader compiler UnityShaderCompiler.exe after 0.06 seconds
Refreshing native plugins compatible for Editor in 0.71 ms, found 2 plugins.
Preloading 0 native plugins for Editor in 0.00 ms.
Unloading 2826 Unused Serialized files (Serialized files now loaded: 0)
System memory in use before: 124.0 MB.
System memory in use after: 124.2 MB.

Unloading 24 unused Assets to reduce memory usage. Loaded Objects now: 3267.
Total: 3.933200 ms (FindLiveObjects: 0.206300 ms CreateObjectMapping: 0.119700 ms MarkObjects: 3.509600 ms  DeleteObjects: 0.089200 ms)

AssetImportParameters requested are different than current active one (requested -> active):
  custom:framework-win-MediaFoundation: 216162199b28c13a410421893ffa2e32 -> 
  custom:video-decoder-ogg-theora: a1e56fd34408186e4bbccfd4996cb3dc -> 
  custom:container-muxer-webm: aa71ff27fc2769a1b78a27578f13a17b -> 
  custom:container-demuxer-webm: 4f35f7cbe854078d1ac9338744f61a02 -> 
  custom:container-demuxer-ogg: 62fdf1f143b41e24485cea50d1cbac27 -> 
  custom:video-encoder-webm-vp8: eb34c28f22e8b96e1ab97ce403110664 -> 
  custom:video-codec-MediaFoundation-h265: 746d11721c4dcdbdad8f713fa42b33f4 -> 
  custom:video-decoder-webm-vp8: 9c59270c3fd7afecdb556c50c9e8de78 -> 
  custom:audio-decoder-ogg-vorbis: bf7c407c2cedff20999df2af8eb42d56 -> 
  custom:audio-encoder-webm-vorbis: bf7c407c2cedff20999df2af8eb42d56 -> 
========================================================================
Received Import Request.
  path: Assets/Objects/Armes/Mitraillette.prefab
  artifactKey: Guid(d624801387f5bd644ae202aed3081f35) Importer(815301076,1909f56bfc062723c751e8b465ee728b)
Start importing Assets/Objects/Armes/Mitraillette.prefab using Guid(d624801387f5bd644ae202aed3081f35) Importer(815301076,1909f56bfc062723c751e8b465ee728b)  -> (artifact id: '0419abb83715bad15d571e25a6ab70f6') in 0.243417 seconds 
  Import took 0.250203 seconds .

========================================================================
Received Import Request.
  Time since last request: 0.000542 seconds.
  path: Assets/Objects/Armes/GrenadeFumi.prefab
  artifactKey: Guid(3fffebfcd269ad844a51d18b0e8cdbdd) Importer(815301076,1909f56bfc062723c751e8b465ee728b)
Start importing Assets/Objects/Armes/GrenadeFumi.prefab using Guid(3fffebfcd269ad844a51d18b0e8cdbdd) Importer(815301076,1909f56bfc062723c751e8b465ee728b)  -> (artifact id: 'd8ddbe56330f9a802d91d78751236e56') in 0.026071 seconds 
  Import took 0.032495 seconds .

========================================================================
Received Import Request.
  Time since last request: 0.000617 seconds.
  path: Assets/Objects/Armes/Pistolet.prefab
  artifactKey: Guid(89effe5b246363c49b83a7d47a79ab88) Importer(815301076,1909f56bfc062723c751e8b465ee728b)
Start importing Assets/Objects/Armes/Pistolet.prefab using Guid(89effe5b246363c49b83a7d47a79ab88) Importer(815301076,1909f56bfc062723c751e8b465ee728b)  -> (artifact id: 'e7b3328dd1e89a9b8ce2c14e60c21c3d') in 0.094277 seconds 
  Import took 0.109487 seconds .

========================================================================
Received Import Request.
  Time since last request: 0.000456 seconds.
  path: Assets/Objects/Armes/Sniper.prefab
  artifactKey: Guid(6ba3e8de6059c9c438103f21b893fbc3) Importer(815301076,1909f56bfc062723c751e8b465ee728b)
Start importing Assets/Objects/Armes/Sniper.prefab using Guid(6ba3e8de6059c9c438103f21b893fbc3) Importer(815301076,1909f56bfc062723c751e8b465ee728b)  -> (artifact id: '0ef44df4a0c8bf133cfa8025dea6557b') in 0.077191 seconds 
  Import took 0.085310 seconds .

========================================================================
Received Import Request.
  Time since last request: 0.000516 seconds.
  path: Assets/Objects/Armes/Arme.prefab
  artifactKey: Guid(ab646541ba4aa9b4b96a4450a222462e) Importer(815301076,1909f56bfc062723c751e8b465ee728b)
Start importing Assets/Objects/Armes/Arme.prefab using Guid(ab646541ba4aa9b4b96a4450a222462e) Importer(815301076,1909f56bfc062723c751e8b465ee728b)  -> (artifact id: '1f61a5510303ab84b07624c07b5baa9f') in 0.044998 seconds 
  Import took 0.060851 seconds .

========================================================================
Received Import Request.
  Time since last request: 0.000491 seconds.
  path: Assets/Objects/Armes/Grenade.prefab
  artifactKey: Guid(c26c7188957ade9408fd7e1b26f41707) Importer(815301076,1909f56bfc062723c751e8b465ee728b)
Start importing Assets/Objects/Armes/Grenade.prefab using Guid(c26c7188957ade9408fd7e1b26f41707) Importer(815301076,1909f56bfc062723c751e8b465ee728b)  -> (artifact id: '1df573a82e2208f5ce39e0c5083ce25b') in 0.030743 seconds 
  Import took 0.041956 seconds .

========================================================================
Received Import Request.
  Time since last request: 0.000288 seconds.
  path: Assets/Objects/Armes/FA.prefab
  artifactKey: Guid(fb10e411297791d49952099e88556551) Importer(815301076,1909f56bfc062723c751e8b465ee728b)
Start importing Assets/Objects/Armes/FA.prefab using Guid(fb10e411297791d49952099e88556551) Importer(815301076,1909f56bfc062723c751e8b465ee728b)  -> (artifact id: 'f7a0af9d9281f0891fc28dfc44648dc2') in 0.087910 seconds 
  Import took 0.108370 seconds .

AssetImportWorkerClient::OnTransportError - code=2 error=End of file
